-------------------------------------------------------------------------------
Test set: com.google.cloud.teleport.templates.common.DatastoreConvertersTest
-------------------------------------------------------------------------------
Tests run: 1, Failures: 1, Errors: 0, Skipped: 0, Time elapsed: 4.105 s <<< FAILURE! - in com.google.cloud.teleport.templates.common.DatastoreConvertersTest
testCheckNoKeyAllInvalid(com.google.cloud.teleport.templates.common.DatastoreConvertersTest)  Time elapsed: 4.104 s  <<< FAILURE!
java.lang.AssertionError: 
RemoveNoKeys/DetectInvalidEntities.failures: 
Expected: iterable with items ["{\"stacktrace\":null,\"data\":\"{\\\"properties\\\":{\\\"street\\\":{\\\"stringValue\\\":\\\"Some street\\\"},\\\"number\\\":{\\\"integerValue\\\":\\\"1\\\"}}}\",\"message\":\"Datastore Entity Without Key\"}", "{\"stacktrace\":null,\"data\":\"{\\\"properties\\\":{\\\"street\\\":{\\\"stringValue\\\":\\\"Some street\\\"},\\\"number\\\":{\\\"integerValue\\\":\\\"1\\\"}}}\",\"message\":\"Datastore Entity Without Key\"}"] in any order
     but: not matched: "{\"data\":\"{\\\"properties\\\":{\\\"street\\\":{\\\"stringValue\\\":\\\"Some street\\\"},\\\"number\\\":{\\\"integerValue\\\":\\\"1\\\"}}}\",\"message\":\"Datastore Entity Without Key\",\"stacktrace\":null}"
	at org.apache.beam.sdk.testing.PAssert$PAssertionSite.capture(PAssert.java:175)
	at org.apache.beam.sdk.testing.PAssert.that(PAssert.java:460)
	at org.apache.beam.sdk.testing.PAssert.that(PAssert.java:452)
	at com.google.cloud.teleport.templates.common.DatastoreConvertersTest.testCheckNoKeyAllInvalid(DatastoreConvertersTest.java:280)
	at java.base/jdk.internal.reflect.NativeMethodAccessorImpl.invoke0(Native Method)
	at java.base/jdk.internal.reflect.NativeMethodAccessorImpl.invoke(NativeMethodAccessorImpl.java:62)
	at java.base/jdk.internal.reflect.DelegatingMethodAccessorImpl.invoke(DelegatingMethodAccessorImpl.java:43)
	at java.base/java.lang.reflect.Method.invoke(Method.java:566)
	at org.junit.runners.model.FrameworkMethod$1.runReflectiveCall(FrameworkMethod.java:59)
	at org.junit.internal.runners.model.ReflectiveCallable.run(ReflectiveCallable.java:12)
	at org.junit.runners.model.FrameworkMethod.invokeExplosively(FrameworkMethod.java:56)
	at org.junit.internal.runners.statements.InvokeMethod.evaluate(InvokeMethod.java:17)
	at org.junit.internal.runners.statements.RunBefores.evaluate(RunBefores.java:26)
	at org.apache.beam.sdk.testing.TestPipeline$1.evaluate(TestPipeline.java:323)
	at org.junit.runners.ParentRunner$3.evaluate(ParentRunner.java:306)
	at org.junit.runners.BlockJUnit4ClassRunner$1.evaluate(BlockJUnit4ClassRunner.java:100)
	at org.junit.runners.ParentRunner.runLeaf(ParentRunner.java:366)
	at org.junit.runners.BlockJUnit4ClassRunner.runChild(BlockJUnit4ClassRunner.java:103)
	at org.junit.runners.BlockJUnit4ClassRunner.runChild(BlockJUnit4ClassRunner.java:63)
	at org.junit.runners.ParentRunner$4.run(ParentRunner.java:331)
	at org.junit.runners.ParentRunner$1.schedule(ParentRunner.java:79)
	at org.junit.runners.ParentRunner.runChildren(ParentRunner.java:329)
	at org.junit.runners.ParentRunner.access$100(ParentRunner.java:66)
	at org.junit.runners.ParentRunner$2.evaluate(ParentRunner.java:293)
	at org.junit.runners.ParentRunner$3.evaluate(ParentRunner.java:306)
	at org.junit.runners.ParentRunner.run(ParentRunner.java:413)
	at org.junit.runners.Suite.runChild(Suite.java:128)
	at org.junit.runners.Suite.runChild(Suite.java:27)
	at org.junit.runners.ParentRunner$4.run(ParentRunner.java:331)
	at org.junit.runners.ParentRunner$1.schedule(ParentRunner.java:79)
	at org.junit.runners.ParentRunner.runChildren(ParentRunner.java:329)
	at org.junit.runners.ParentRunner.access$100(ParentRunner.java:66)
	at org.junit.runners.ParentRunner$2.evaluate(ParentRunner.java:293)
	at org.junit.runners.ParentRunner$3.evaluate(ParentRunner.java:306)
	at org.junit.runners.ParentRunner.run(ParentRunner.java:413)
	at org.apache.maven.surefire.junitcore.JUnitCore.run(JUnitCore.java:55)
	at org.apache.maven.surefire.junitcore.JUnitCoreWrapper.createRequestAndRun(JUnitCoreWrapper.java:137)
	at org.apache.maven.surefire.junitcore.JUnitCoreWrapper.executeEager(JUnitCoreWrapper.java:107)
	at org.apache.maven.surefire.junitcore.JUnitCoreWrapper.execute(JUnitCoreWrapper.java:83)
	at org.apache.maven.surefire.junitcore.JUnitCoreWrapper.execute(JUnitCoreWrapper.java:75)
	at org.apache.maven.surefire.junitcore.JUnitCoreProvider.invoke(JUnitCoreProvider.java:158)
	at org.apache.maven.surefire.booter.ForkedBooter.invokeProviderInSameClassLoader(ForkedBooter.java:379)
	at org.apache.maven.surefire.booter.ForkedBooter.runSuitesInProcess(ForkedBooter.java:340)
	at org.apache.maven.surefire.booter.ForkedBooter.execute(ForkedBooter.java:125)
	at org.apache.maven.surefire.booter.ForkedBooter.main(ForkedBooter.java:413)
Caused by: java.lang.AssertionError: 
Expected: iterable with items ["{\"stacktrace\":null,\"data\":\"{\\\"properties\\\":{\\\"street\\\":{\\\"stringValue\\\":\\\"Some street\\\"},\\\"number\\\":{\\\"integerValue\\\":\\\"1\\\"}}}\",\"message\":\"Datastore Entity Without Key\"}", "{\"stacktrace\":null,\"data\":\"{\\\"properties\\\":{\\\"street\\\":{\\\"stringValue\\\":\\\"Some street\\\"},\\\"number\\\":{\\\"integerValue\\\":\\\"1\\\"}}}\",\"message\":\"Datastore Entity Without Key\"}"] in any order
     but: not matched: "{\"data\":\"{\\\"properties\\\":{\\\"street\\\":{\\\"stringValue\\\":\\\"Some street\\\"},\\\"number\\\":{\\\"integerValue\\\":\\\"1\\\"}}}\",\"message\":\"Datastore Entity Without Key\",\"stacktrace\":null}"
	at org.hamcrest.MatcherAssert.assertThat(MatcherAssert.java:18)
	at org.hamcrest.MatcherAssert.assertThat(MatcherAssert.java:6)
	at org.apache.beam.sdk.testing.PAssert$AssertContainsInAnyOrder.apply(PAssert.java:1690)
	at org.apache.beam.sdk.testing.PAssert$AssertContainsInAnyOrder.apply(PAssert.java:1670)
	at org.apache.beam.sdk.testing.PAssert$CheckRelationAgainstExpected.apply(PAssert.java:1299)
	at org.apache.beam.sdk.testing.PAssert$CheckRelationAgainstExpected.apply(PAssert.java:1279)
	at org.apache.beam.sdk.testing.PAssert.doChecks(PAssert.java:1621)
	at org.apache.beam.sdk.testing.PAssert$GroupedValuesCheckerDoFn.processElement(PAssert.java:1588)
	at org.apache.beam.sdk.testing.PAssert$GroupedValuesCheckerDoFn$DoFnInvoker.invokeProcessElement(Unknown Source)
	at org.apache.beam.repackaged.direct_java.runners.core.SimpleDoFnRunner.invokeProcessElement(SimpleDoFnRunner.java:211)
	at org.apache.beam.repackaged.direct_java.runners.core.SimpleDoFnRunner.processElement(SimpleDoFnRunner.java:188)
	at org.apache.beam.repackaged.direct_java.runners.core.SimplePushbackSideInputDoFnRunner.processElementInReadyWindows(SimplePushbackSideInputDoFnRunner.java:79)
	at org.apache.beam.runners.direct.ParDoEvaluator.processElement(ParDoEvaluator.java:244)
	at org.apache.beam.runners.direct.DoFnLifecycleManagerRemovingTransformEvaluator.processElement(DoFnLifecycleManagerRemovingTransformEvaluator.java:54)
	at org.apache.beam.runners.direct.DirectTransformExecutor.processElements(DirectTransformExecutor.java:165)
	at org.apache.beam.runners.direct.DirectTransformExecutor.run(DirectTransformExecutor.java:129)
	at java.base/java.util.concurrent.Executors$RunnableAdapter.call(Executors.java:515)
	at java.base/java.util.concurrent.FutureTask.run(FutureTask.java:264)
	at java.base/java.util.concurrent.ThreadPoolExecutor.runWorker(ThreadPoolExecutor.java:1128)
	at java.base/java.util.concurrent.ThreadPoolExecutor$Worker.run(ThreadPoolExecutor.java:628)
	at java.base/java.lang.Thread.run(Thread.java:829)

