<?xml version="1.0" encoding="UTF-8" ?>
<testsuite tests="1" failures="1" name="com.google.cloud.teleport.templates.common.DatastoreConvertersTest" time="0.001" errors="0" skipped="0">
  <properties>
[...]
</properties>
  <testcase classname="com.google.cloud.teleport.templates.common.DatastoreConvertersTest" name="testCheckNoKeyAllInvalid" time="0.001">
    <failure message="RemoveNoKeys/DetectInvalidEntities.failures: 
Expected: iterable over [&quot;{\&quot;message\&quot;:\&quot;Datastore Entity Without Key\&quot;,\&quot;textElementType\&quot;:\&quot;entity\&quot;,\&quot;textElementData\&quot;:\&quot;{\\&quot;properties\\&quot;:{\\&quot;street\\&quot;:{\\&quot;stringValue\\&quot;:\\&quot;Some street\\&quot;},\\&quot;number\\&quot;:{\\&quot;integerValue\\&quot;:\\&quot;1\\&quot;}}}\&quot;}&quot;, &quot;{\&quot;textElementType\&quot;:\&quot;entity\&quot;,\&quot;message\&quot;:\&quot;Datastore Entity Without Key\&quot;,\&quot;textElementData\&quot;:\&quot;{\\&quot;properties\\&quot;:{\\&quot;street\\&quot;:{\\&quot;stringValue\\&quot;:\\&quot;Some street\\&quot;},\\&quot;number\\&quot;:{\\&quot;integerValue\\&quot;:\\&quot;1\\&quot;}}}\&quot;}&quot;] in any order
     got: &lt;[{&quot;message&quot;:&quot;Datastore Entity Without Key&quot;,&quot;textElementData&quot;:&quot;{\&quot;properties\&quot;:{\&quot;street\&quot;:{\&quot;stringValue\&quot;:\&quot;Some street\&quot;},\&quot;number\&quot;:{\&quot;integerValue\&quot;:\&quot;1\&quot;}}}&quot;,&quot;textElementType&quot;:&quot;entity&quot;}, {&quot;message&quot;:&quot;Datastore Entity Without Key&quot;,&quot;textElementType&quot;:&quot;entity&quot;,&quot;textElementData&quot;:&quot;{\&quot;properties\&quot;:{\&quot;street\&quot;:{\&quot;stringValue\&quot;:\&quot;Some street\&quot;},\&quot;number\&quot;:{\&quot;integerValue\&quot;:\&quot;1\&quot;}}}&quot;}]&gt;
" type="java.lang.AssertionError">java.lang.AssertionError: RemoveNoKeys/DetectInvalidEntities.failures: 
Expected: iterable over [&quot;{\&quot;message\&quot;:\&quot;Datastore Entity Without Key\&quot;,\&quot;textElementType\&quot;:\&quot;entity\&quot;,\&quot;textElementData\&quot;:\&quot;{\\&quot;properties\\&quot;:{\\&quot;street\\&quot;:{\\&quot;stringValue\\&quot;:\\&quot;Some street\\&quot;},\\&quot;number\\&quot;:{\\&quot;integerValue\\&quot;:\\&quot;1\\&quot;}}}\&quot;}&quot;, &quot;{\&quot;textElementType\&quot;:\&quot;entity\&quot;,\&quot;message\&quot;:\&quot;Datastore Entity Without Key\&quot;,\&quot;textElementData\&quot;:\&quot;{\\&quot;properties\\&quot;:{\\&quot;street\\&quot;:{\\&quot;stringValue\\&quot;:\\&quot;Some street\\&quot;},\\&quot;number\\&quot;:{\\&quot;integerValue\\&quot;:\\&quot;1\\&quot;}}}\&quot;}&quot;] in any order
     got: &lt;[{&quot;message&quot;:&quot;Datastore Entity Without Key&quot;,&quot;textElementData&quot;:&quot;{\&quot;properties\&quot;:{\&quot;street\&quot;:{\&quot;stringValue\&quot;:\&quot;Some street\&quot;},\&quot;number\&quot;:{\&quot;integerValue\&quot;:\&quot;1\&quot;}}}&quot;,&quot;textElementType&quot;:&quot;entity&quot;}, {&quot;message&quot;:&quot;Datastore Entity Without Key&quot;,&quot;textElementType&quot;:&quot;entity&quot;,&quot;textElementData&quot;:&quot;{\&quot;properties\&quot;:{\&quot;street\&quot;:{\&quot;stringValue\&quot;:\&quot;Some street\&quot;},\&quot;number\&quot;:{\&quot;integerValue\&quot;:\&quot;1\&quot;}}}&quot;}]&gt;

	at org.apache.beam.sdk.testing.PAssert$PAssertionSite.capture(PAssert.java:165)
	at org.apache.beam.sdk.testing.PAssert.that(PAssert.java:357)
	at org.apache.beam.sdk.testing.PAssert.that(PAssert.java:349)
	at com.google.cloud.teleport.templates.common.DatastoreConvertersTest.testCheckNoKeyAllInvalid(DatastoreConvertersTest.java:271)
	at sun.reflect.NativeMethodAccessorImpl.invoke0(Native Method)
	at sun.reflect.NativeMethodAccessorImpl.invoke(NativeMethodAccessorImpl.java:62)
	at sun.reflect.DelegatingMethodAccessorImpl.invoke(DelegatingMethodAccessorImpl.java:43)
	at java.lang.reflect.Method.invoke(Method.java:498)
	at org.junit.runners.model.FrameworkMethod$1.runReflectiveCall(FrameworkMethod.java:45)
	at org.junit.internal.runners.model.ReflectiveCallable.run(ReflectiveCallable.java:15)
	at org.junit.runners.model.FrameworkMethod.invokeExplosively(FrameworkMethod.java:42)
	at org.junit.internal.runners.statements.InvokeMethod.evaluate(InvokeMethod.java:20)
	at org.junit.internal.runners.statements.RunBefores.evaluate(RunBefores.java:28)
	at org.apache.beam.sdk.testing.TestPipeline$1.evaluate(TestPipeline.java:327)
	at org.junit.rules.RunRules.evaluate(RunRules.java:18)
	at org.junit.runners.ParentRunner.runLeaf(ParentRunner.java:263)
	at org.junit.runners.BlockJUnit4ClassRunner.runChild(BlockJUnit4ClassRunner.java:68)
	at org.junit.runners.BlockJUnit4ClassRunner.runChild(BlockJUnit4ClassRunner.java:47)
	at org.junit.runners.ParentRunner$3.run(ParentRunner.java:231)
	at org.junit.runners.ParentRunner$1.schedule(ParentRunner.java:60)
	at org.junit.runners.ParentRunner.runChildren(ParentRunner.java:229)
	at org.junit.runners.ParentRunner.access$000(ParentRunner.java:50)
	at org.junit.runners.ParentRunner$2.evaluate(ParentRunner.java:222)
	at org.junit.runners.ParentRunner.run(ParentRunner.java:300)
	at org.junit.runners.Suite.runChild(Suite.java:128)
	at org.junit.runners.Suite.runChild(Suite.java:24)
	at org.junit.runners.ParentRunner$3.run(ParentRunner.java:231)
	at org.junit.runners.ParentRunner$1.schedule(ParentRunner.java:60)
	at org.junit.runners.ParentRunner.runChildren(ParentRunner.java:229)
	at org.junit.runners.ParentRunner.access$000(ParentRunner.java:50)
	at org.junit.runners.ParentRunner$2.evaluate(ParentRunner.java:222)
	at org.junit.runners.ParentRunner.run(ParentRunner.java:300)
	at org.junit.runner.JUnitCore.run(JUnitCore.java:157)
	at org.junit.runner.JUnitCore.run(JUnitCore.java:136)
	at org.apache.maven.surefire.junitcore.JUnitCoreWrapper.execute(JUnitCoreWrapper.java:62)
	at org.apache.maven.surefire.junitcore.JUnitCoreProvider.invoke(JUnitCoreProvider.java:139)
	at sun.reflect.NativeMethodAccessorImpl.invoke0(Native Method)
	at sun.reflect.NativeMethodAccessorImpl.invoke(NativeMethodAccessorImpl.java:62)
	at sun.reflect.DelegatingMethodAccessorImpl.invoke(DelegatingMethodAccessorImpl.java:43)
	at java.lang.reflect.Method.invoke(Method.java:498)
	at org.apache.maven.surefire.util.ReflectionUtils.invokeMethodWithArray(ReflectionUtils.java:189)
	at org.apache.maven.surefire.booter.ProviderFactory$ProviderProxy.invoke(ProviderFactory.java:165)
	at org.apache.maven.surefire.booter.ProviderFactory.invokeProvider(ProviderFactory.java:85)
	at org.apache.maven.surefire.booter.ForkedBooter.runSuitesInProcess(ForkedBooter.java:115)
	at org.apache.maven.surefire.booter.ForkedBooter.main(ForkedBooter.java:75)
Caused by: java.lang.AssertionError: 
Expected: iterable over [&quot;{\&quot;message\&quot;:\&quot;Datastore Entity Without Key\&quot;,\&quot;textElementType\&quot;:\&quot;entity\&quot;,\&quot;textElementData\&quot;:\&quot;{\\&quot;properties\\&quot;:{\\&quot;street\\&quot;:{\\&quot;stringValue\\&quot;:\\&quot;Some street\\&quot;},\\&quot;number\\&quot;:{\\&quot;integerValue\\&quot;:\\&quot;1\\&quot;}}}\&quot;}&quot;, &quot;{\&quot;textElementType\&quot;:\&quot;entity\&quot;,\&quot;message\&quot;:\&quot;Datastore Entity Without Key\&quot;,\&quot;textElementData\&quot;:\&quot;{\\&quot;properties\\&quot;:{\\&quot;street\\&quot;:{\\&quot;stringValue\\&quot;:\\&quot;Some street\\&quot;},\\&quot;number\\&quot;:{\\&quot;integerValue\\&quot;:\\&quot;1\\&quot;}}}\&quot;}&quot;] in any order
     got: &lt;[{&quot;message&quot;:&quot;Datastore Entity Without Key&quot;,&quot;textElementData&quot;:&quot;{\&quot;properties\&quot;:{\&quot;street\&quot;:{\&quot;stringValue\&quot;:\&quot;Some street\&quot;},\&quot;number\&quot;:{\&quot;integerValue\&quot;:\&quot;1\&quot;}}}&quot;,&quot;textElementType&quot;:&quot;entity&quot;}, {&quot;message&quot;:&quot;Datastore Entity Without Key&quot;,&quot;textElementType&quot;:&quot;entity&quot;,&quot;textElementData&quot;:&quot;{\&quot;properties\&quot;:{\&quot;street\&quot;:{\&quot;stringValue\&quot;:\&quot;Some street\&quot;},\&quot;number\&quot;:{\&quot;integerValue\&quot;:\&quot;1\&quot;}}}&quot;}]&gt;

	at org.junit.Assert.assertThat(Assert.java:780)
	at org.junit.Assert.assertThat(Assert.java:738)
	at org.apache.beam.sdk.testing.PAssert$AssertContainsInAnyOrder.apply(PAssert.java:1320)
	at org.apache.beam.sdk.testing.PAssert$AssertContainsInAnyOrder.apply(PAssert.java:1300)
	at org.apache.beam.sdk.testing.PAssert$CheckRelationAgainstExpected.apply(PAssert.java:955)
	at org.apache.beam.sdk.testing.PAssert$CheckRelationAgainstExpected.apply(PAssert.java:935)
	at org.apache.beam.sdk.testing.PAssert.doChecks(PAssert.java:1251)
	at org.apache.beam.sdk.testing.PAssert$GroupedValuesCheckerDoFn.processElement(PAssert.java:1216)
	at org.apache.beam.sdk.testing.PAssert$GroupedValuesCheckerDoFn$DoFnInvoker.invokeProcessElement(Unknown Source)
	at org.apache.beam.runners.direct.repackaged.runners.core.SimpleDoFnRunner.invokeProcessElement(SimpleDoFnRunner.java:177)
	at org.apache.beam.runners.direct.repackaged.runners.core.SimpleDoFnRunner.processElement(SimpleDoFnRunner.java:141)
	at org.apache.beam.runners.direct.repackaged.runners.core.SimplePushbackSideInputDoFnRunner.processElementInReadyWindows(SimplePushbackSideInputDoFnRunner.java:70)
	at org.apache.beam.runners.direct.ParDoEvaluator.processElement(ParDoEvaluator.java:182)
	at org.apache.beam.runners.direct.DoFnLifecycleManagerRemovingTransformEvaluator.processElement(DoFnLifecycleManagerRemovingTransformEvaluator.java:51)
	at org.apache.beam.runners.direct.TransformExecutor.processElements(TransformExecutor.java:146)
	at org.apache.beam.runners.direct.TransformExecutor.run(TransformExecutor.java:110)
	at java.util.concurrent.Executors$RunnableAdapter.call(Executors.java:511)
	at java.util.concurrent.FutureTask.run(FutureTask.java:266)
	at java.util.concurrent.ThreadPoolExecutor.runWorker(ThreadPoolExecutor.java:1149)
	at java.util.concurrent.ThreadPoolExecutor$Worker.run(ThreadPoolExecutor.java:624)
	at java.lang.Thread.run(Thread.java:750)
</failure>
  </testcase>
</testsuite>